<?xml version="1.0" encoding="UTF-8"?>
<!-- Generated by org.testng.reporters.JUnitXMLReporter -->
<testsuite ignored="0" hostname="BiLap56-PC" failures="0" tests="4" name="Surefire test" time="296.549" errors="0" timestamp="2024-05-09T00:05:24 EEST">
  <testcase classname="forgetPassword.ForgetPasswordTest" name="testForgetPassword" time="0.928"/>
  <testcase classname="loginTests.TestLogin" name="testLoginValidCredentials" time="1.746"/>
  <testcase classname="loginTests.TestLogin" name="testInvalidUsername" time="1.076"/>
  <testcase classname="loginTests.TestLogin" name="testInvalidPassword" time="1.075"/>
</testsuite> <!-- Surefire test -->
