<?xml version="1.0" encoding="UTF-8"?>
<testng-results ignored="0" total="4" passed="4" failed="0" skipped="0">
  <reporter-output>
  </reporter-output>
  <suite started-at="2024-05-09T00:00:27 EEST" name="Surefire suite" finished-at="2024-05-09T00:05:24 EEST" duration-ms="296549">
    <groups>
    </groups>
    <test started-at="2024-05-09T00:00:27 EEST" name="Surefire test" finished-at="2024-05-09T00:05:24 EEST" duration-ms="296549">
      <class name="loginTests.TestLogin">
        <test-method is-config="true" signature="setUP()[pri:0, instance:loginTests.TestLogin@75329a49]" started-at="2024-05-09T00:05:09 EEST" name="setUP" finished-at="2024-05-09T00:05:16 EEST" duration-ms="6565" status="PASS">
          <reporter-output>
          </reporter-output>
        </test-method> <!-- setUP -->
        <test-method is-config="true" signature="goHome()[pri:0, instance:loginTests.TestLogin@75329a49]" started-at="2024-05-09T00:05:16 EEST" name="goHome" finished-at="2024-05-09T00:05:19 EEST" duration-ms="2925" status="PASS">
          <reporter-output>
          </reporter-output>
        </test-method> <!-- goHome -->
        <test-method signature="testLoginValidCredentials()[pri:1, instance:loginTests.TestLogin@75329a49]" started-at="2024-05-09T00:05:19 EEST" name="testLoginValidCredentials" finished-at="2024-05-09T00:05:21 EEST" duration-ms="1746" status="PASS">
          <reporter-output>
          </reporter-output>
        </test-method> <!-- testLoginValidCredentials -->
        <test-method is-config="true" signature="goHome()[pri:0, instance:loginTests.TestLogin@75329a49]" started-at="2024-05-09T00:05:21 EEST" name="goHome" finished-at="2024-05-09T00:05:21 EEST" duration-ms="321" status="PASS">
          <reporter-output>
          </reporter-output>
        </test-method> <!-- goHome -->
        <test-method signature="testInvalidUsername()[pri:2, instance:loginTests.TestLogin@75329a49]" started-at="2024-05-09T00:05:21 EEST" name="testInvalidUsername" finished-at="2024-05-09T00:05:22 EEST" duration-ms="1076" status="PASS">
          <reporter-output>
          </reporter-output>
        </test-method> <!-- testInvalidUsername -->
        <test-method is-config="true" signature="goHome()[pri:0, instance:loginTests.TestLogin@75329a49]" started-at="2024-05-09T00:05:22 EEST" name="goHome" finished-at="2024-05-09T00:05:22 EEST" duration-ms="355" status="PASS">
          <reporter-output>
          </reporter-output>
        </test-method> <!-- goHome -->
        <test-method signature="testInvalidPassword()[pri:3, instance:loginTests.TestLogin@75329a49]" started-at="2024-05-09T00:05:22 EEST" name="testInvalidPassword" finished-at="2024-05-09T00:05:23 EEST" duration-ms="1075" status="PASS">
          <reporter-output>
          </reporter-output>
        </test-method> <!-- testInvalidPassword -->
        <test-method is-config="true" signature="teardown()[pri:0, instance:loginTests.TestLogin@75329a49]" started-at="2024-05-09T00:05:23 EEST" name="teardown" finished-at="2024-05-09T00:05:24 EEST" duration-ms="439" status="PASS">
          <reporter-output>
          </reporter-output>
        </test-method> <!-- teardown -->
      </class> <!-- loginTests.TestLogin -->
      <class name="forgetPassword.ForgetPasswordTest">
        <test-method is-config="true" signature="setUP()[pri:0, instance:forgetPassword.ForgetPasswordTest@7ee955a8]" started-at="2024-05-09T00:00:27 EEST" name="setUP" finished-at="2024-05-09T00:04:44 EEST" duration-ms="256417" status="PASS">
          <reporter-output>
          </reporter-output>
        </test-method> <!-- setUP -->
        <test-method is-config="true" signature="goHome()[pri:0, instance:forgetPassword.ForgetPasswordTest@7ee955a8]" started-at="2024-05-09T00:04:44 EEST" name="goHome" finished-at="2024-05-09T00:05:08 EEST" duration-ms="23993" status="PASS">
          <reporter-output>
          </reporter-output>
        </test-method> <!-- goHome -->
        <test-method signature="testForgetPassword()[pri:0, instance:forgetPassword.ForgetPasswordTest@7ee955a8]" started-at="2024-05-09T00:05:08 EEST" name="testForgetPassword" finished-at="2024-05-09T00:05:09 EEST" duration-ms="928" status="PASS">
          <reporter-output>
          </reporter-output>
        </test-method> <!-- testForgetPassword -->
        <test-method is-config="true" signature="teardown()[pri:0, instance:forgetPassword.ForgetPasswordTest@7ee955a8]" started-at="2024-05-09T00:05:09 EEST" name="teardown" finished-at="2024-05-09T00:05:09 EEST" duration-ms="653" status="PASS">
          <reporter-output>
          </reporter-output>
        </test-method> <!-- teardown -->
      </class> <!-- forgetPassword.ForgetPasswordTest -->
    </test> <!-- Surefire test -->
  </suite> <!-- Surefire suite -->
</testng-results>
